<?xml version="1.0" encoding="UTF-8"?>
<!-- Generated by org.testng.reporters.JUnitReportReporter -->
<testsuite hostname="DESKTOP-3BNAR3I" failures="0" tests="1" name="com.salesforce.tests.Leads" time="15.423" errors="0" timestamp="2022-05-20T12:15:26 EDT" skipped="0">
  <testcase classname="com.salesforce.tests.Leads" name="test21" time="15.423"/>
  <system-out/>
</testsuite> <!-- com.salesforce.tests.Leads -->
