<?xml version="1.0" encoding="UTF-8"?>
<!-- Generated by org.testng.reporters.JUnitReportReporter -->
<testsuite hostname="DESKTOP-3BNAR3I" failures="0" tests="1" name="com.salesforce.tests.TestCase1" time="2.258" errors="0" timestamp="2022-05-17T21:12:54 EDT" skipped="0">
  <testcase classname="com.salesforce.tests.TestCase1" name="testcase1" time="2.258"/>
  <system-out/>
</testsuite> <!-- com.salesforce.tests.TestCase1 -->
