<?xml version="1.0" encoding="UTF-8"?>
<!-- Generated by org.testng.reporters.JUnitReportReporter -->
<testsuite hostname="DESKTOP-3BNAR3I" failures="0" tests="1" name="com.salesforce.tests.SFDCLogin" time="21.563" errors="0" timestamp="2022-05-19T12:41:16 EDT" skipped="0">
  <testcase classname="com.salesforce.tests.SFDCLogin" name="testcase4B" time="21.563"/>
  <system-out/>
</testsuite> <!-- com.salesforce.tests.SFDCLogin -->
