<?xml version="1.0" encoding="UTF-8"?>
<!-- Generated by org.testng.reporters.JUnitReportReporter -->
<testsuite hostname="DESKTOP-3BNAR3I" failures="0" tests="1" name="com.salesforce.tests.TestCase4" time="3.087" errors="0" timestamp="2022-05-16T15:05:55 EDT" skipped="0">
  <testcase classname="com.salesforce.tests.TestCase4" name="testcase4" time="3.087"/>
  <system-out/>
</testsuite> <!-- com.salesforce.tests.TestCase4 -->
